<?xml version="1.0" encoding="utf-8"?><testsuites name="pytest tests"><testsuite name="pytest" errors="0" failures="0" skipped="0" tests="37" time="0.341" timestamp="2026-07-18T20:34:22.839455+02:00" hostname="2527b9b43544"><testcase classname="tests.test_canonical_values.TestTransitionRules" name="test_aiin_to_qok_repulsion" time="0.001" /><testcase classname="tests.test_canonical_values.TestTransitionRules" name="test_chedy_qok_obs_count" time="0.000" /><testcase classname="tests.test_canonical_values.TestTransitionRules" name="test_chedy_to_qok_attraction" time="0.000" /><testcase classname="tests.test_canonical_values.TestTransitionRules" name="test_chedy_token_participation" time="0.000" /><testcase classname="tests.test_canonical_values.TestTransitionRules" name="test_transition_methodology_is_boundary_matched" time="0.000" /><testcase classname="tests.test_canonical_values.TestTransitionRules" name="test_unique_chedy_qok_pairs" time="0.000" /><testcase classname="tests.test_canonical_values.TestAIINDensityDecomposition" name="test_canonical_family_density_differs" time="0.000" /><testcase classname="tests.test_canonical_values.TestAIINDensityDecomposition" name="test_currier_a_mean" time="0.000" /><testcase classname="tests.test_canonical_values.TestAIINDensityDecomposition" name="test_currier_b_mean" time="0.000" /><testcase classname="tests.test_canonical_values.TestAIINDensityDecomposition" name="test_substring_similarity_is_not_labeled_invariance" time="0.000" /><testcase classname="tests.test_canonical_values.TestSelfClustering" name="test_page_level_self_clustering_is_lower" time="0.000" /><testcase classname="tests.test_canonical_values.TestSelfClustering" name="test_pooled_backbone_self_clustering" time="0.000" /><testcase classname="tests.test_canonical_values.TestPrefixSuffixEstimatorRecord" name="test_estimator_is_matched_and_boundary_aware" time="0.002" /><testcase classname="tests.test_canonical_values.TestPrefixSuffixEstimatorRecord" name="test_other_is_a_reported_sensitivity" time="0.000" /><testcase classname="tests.test_canonical_values.TestPrefixSuffixEstimatorRecord" name="test_provenance_is_complete" time="0.000" /><testcase classname="tests.test_canonical_values.TestResultsFilesExist" name="test_all_canonical_files_present" time="0.000" /><testcase classname="tests.test_canonical_values.TestResultsFilesExist" name="test_json_files_are_valid" time="0.002" /><testcase classname="tests.test_canonical_values.TestParadigmNullModel" name="test_voynich_correlations_not_clearly_above_null" time="0.000" /><testcase classname="tests.test_canonical_values.TestCascadeUncertainty" name="test_flagship_cascade_ci_lower_bound_positive" time="0.000" /><testcase classname="tests.test_canonical_values.TestCascadeUncertainty" name="test_four_of_five_cascades_survive_fdr" time="0.000" /><testcase classname="tests.test_canonical_values.TestCanonicalAmbiguityPolicies" name="test_canonical_precedence_is_explicit" time="0.000" /><testcase classname="tests.test_canonical_values.TestCanonicalAmbiguityPolicies" name="test_strict_exclusion_drops_and_breaks_adjacency" time="0.000" /><testcase classname="tests.test_canonical_values.TestCanonicalAmbiguityPolicies" name="test_two_block_sampler_never_crosses_removed_seam" time="0.000" /><testcase classname="tests.test_canonical_values.TestBoundaryAwareAffixUtilities" name="test_affix_discovery_is_deterministic" time="0.000" /><testcase classname="tests.test_canonical_values.TestBoundaryAwareAffixUtilities" name="test_class_assignment_retains_sequence_boundaries" time="0.000" /><testcase classname="tests.test_canonical_values.TestBoundaryAwareAffixUtilities" name="test_matched_sampler_does_not_join_units" time="0.000" /><testcase classname="tests.test_canonical_values.TestBoundaryAwareAffixUtilities" name="test_page_bootstrap_keeps_lines_separate" time="0.000" /><testcase classname="tests.test_canonical_values.TestGeneratedRepairArtifacts" name="test_overlap_arithmetic_is_exact_and_consistent" time="0.000" /><testcase classname="tests.test_canonical_values.TestGeneratedRepairArtifacts" name="test_permutation_result_supersedes_multiplied_marginals" time="0.000" /><testcase classname="tests.test_canonical_values.TestGeneratedRepairArtifacts" name="test_seam_fixed_nulls_report_multiplicity" time="0.000" /><testcase classname="tests.test_canonical_values.TestGeneratedRepairArtifacts" name="test_v2_threshold_sensitivity_grid_is_present" time="0.002" /><testcase classname="tests.test_canonical_values.TestCurrentPublicClaims" name="test_paper_does_not_restate_retired_claims" time="0.000" /><testcase classname="tests.test_canonical_values.TestCurrentPublicClaims" name="test_paper_uses_locked_v2_estimates" time="0.000" /><testcase classname="tests.test_canonical_values.TestCurrentPublicClaims" name="test_scope_limits_are_explicit" time="0.000" /><testcase classname="tests.test_canonical_values.TestReleaseCandidate" name="test_arxiv_zip_is_minimal_and_self_contained" time="0.001" /><testcase classname="tests.test_canonical_values.TestReleaseCandidate" name="test_release_manifest_hashes_bundle_and_built_pdf" time="0.001" /><testcase classname="tests.test_canonical_values.TestReleaseCandidate" name="test_version_and_citation_metadata_are_current" time="0.000" /></testsuite></testsuites>